<?xml version="1.0" encoding="utf-8"?><testsuites name="pytest tests"><testsuite name="pytest" errors="0" failures="0" skipped="0" tests="15" time="12.856" timestamp="2026-08-20T16:01:44.322253+00:00" hostname="agent-env-333dc8a7-3329-4b3a-b378-e5af7518a6b3"><testcase classname="tests.test_field_engineer.TestFEUsers" name="test_list_fe_admin" time="3.830" /><testcase classname="tests.test_field_engineer.TestFEUsers" name="test_list_fe_operator_allowed" time="0.362" /><testcase classname="tests.test_field_engineer.TestFEWorkorder" name="test_create_wo_assigned_and_unassigned" time="4.565" /><testcase classname="tests.test_field_engineer.TestFEUsers" name="test_list_fe_guest_forbidden" time="0.333" /><testcase classname="tests.test_field_engineer.TestFEUsers" name="test_create_toggle_reset_delete" time="4.776" /><testcase classname="tests.test_field_engineer.TestFEWorkorder" name="test_fe_list_only_assigned" time="0.655" /><testcase classname="tests.test_field_engineer.TestFEWorkorder" name="test_fe_get_other_wo_forbidden" time="0.504" /><testcase classname="tests.test_field_engineer.TestFEWorkorder" name="test_fe_field_data_other_wo_forbidden" time="0.193" /><testcase classname="tests.test_field_engineer.TestFEWorkorder" name="test_fe_field_data_whitelist" time="0.863" /><testcase classname="tests.test_field_engineer.TestFEWorkorder" name="test_fe_field_data_all_rejected" time="0.265" /><testcase classname="tests.test_field_engineer.TestFEWorkorder" name="test_activity_clock_flow" time="2.771" /><testcase classname="tests.test_field_engineer.TestFEUsers" name="test_fe_not_in_main_users_list_role" time="0.286" /><testcase classname="tests.test_field_engineer.TestFEWorkorder" name="test_activity_invalid_fase" time="0.249" /><testcase classname="tests.test_field_engineer.TestFEWorkorder" name="test_activity_other_wo_forbidden" time="0.210" /><testcase classname="tests.test_field_engineer.TestFEWorkorder" name="test_fe_cannot_use_admin_endpoints" time="1.062" /></testsuite></testsuites>