<?xml version="1.0" encoding="utf-8"?><testsuites name="pytest tests"><testsuite name="pytest" errors="0" failures="1" skipped="0" tests="1" time="2.849" timestamp="2026-08-21T08:59:19.805668+00:00" hostname="agent-env-333dc8a7-3329-4b3a-b378-e5af7518a6b3"><testcase classname="tests.test_invoice_duplicate_no" name="test_duplicate_invoice_no_returns_4xx" time="1.494"><failure message="AssertionError: duplicate invoice_no returned 500 (unhandled DuplicateKeyError): Internal Server Error&#10;assert 500 &lt; 500&#10; +  where 500 = &lt;Response [500]&gt;.status_code">tests/test_invoice_duplicate_no.py:58: in test_duplicate_invoice_no_returns_4xx
    assert r2.status_code &lt; 500, f"duplicate invoice_no returned {r2.status_code} (unhandled DuplicateKeyError): {r2.text[:200]}"
E   AssertionError: duplicate invoice_no returned 500 (unhandled DuplicateKeyError): Internal Server Error
E   assert 500 &lt; 500
E    +  where 500 = &lt;Response [500]&gt;.status_code</failure></testcase></testsuite></testsuites>