<?xml version="1.0" encoding="utf-8"?><testsuites name="pytest tests"><testsuite name="pytest" errors="0" failures="0" skipped="0" tests="17" time="29.623" timestamp="2026-08-21T08:58:04.212470+00:00" hostname="agent-env-333dc8a7-3329-4b3a-b378-e5af7518a6b3"><testcase classname="tests.test_requirements_and_invoice_pdf.TestInvoiceLampiranPdf" name="test_01_create_wo" time="1.217" /><testcase classname="tests.test_requirements_and_invoice_pdf.TestRequirements" name="test_no_emergent_internal_packages" time="1.125" /><testcase classname="tests.test_requirements_and_invoice_pdf.TestRequirements" name="test_no_direct_url_or_local_refs" time="0.001" /><testcase classname="tests.test_requirements_and_invoice_pdf.TestRequirements" name="test_expected_curated_packages_present" time="0.001" /><testcase classname="tests.test_requirements_and_invoice_pdf.TestRequirements" name="test_pip_dry_run_resolves_from_public_pypi" time="26.253" /><testcase classname="tests.test_requirements_and_invoice_pdf.TestInvoiceLampiranPdf" name="test_02_upload_wo_attachment" time="0.519" /><testcase classname="tests.test_requirements_and_invoice_pdf.TestInvoiceLampiranPdf" name="test_03_create_invoice" time="0.085" /><testcase classname="tests.test_requirements_and_invoice_pdf.TestInvoiceLampiranPdf" name="test_04_lampiran_gated_before_uploads" time="0.088" /><testcase classname="tests.test_requirements_and_invoice_pdf.TestInvoiceLampiranPdf" name="test_05_upload_invoice_docs" time="1.348" /><testcase classname="tests.test_requirements_and_invoice_pdf.TestInvoiceLampiranPdf" name="test_06_lampiran_pdf_generated" time="1.871" /><testcase classname="tests.test_requirements_and_invoice_pdf.TestInvoiceLampiranPdf" name="test_07_invoice_part_pdf_gating" time="0.089" /><testcase classname="tests.test_requirements_and_invoice_pdf.TestInvoiceLampiranPdf" name="test_08_cleanup_delete_and_verify" time="0.251" /><testcase classname="tests.test_requirements_and_invoice_pdf.TestServerImportsCovered" name="test_all_imports_available_in_requirements" time="0.152" /><testcase classname="tests.test_requirements_and_invoice_pdf.TestBackendRegression" name="test_login_returns_tokens" time="0.437" /><testcase classname="tests.test_requirements_and_invoice_pdf.TestBackendRegression" name="test_login_invalid_password" time="0.424" /><testcase classname="tests.test_requirements_and_invoice_pdf.TestBackendRegression" name="test_workorders_list" time="0.158" /><testcase classname="tests.test_requirements_and_invoice_pdf.TestBackendRegression" name="test_field_engineers" time="0.071" /></testsuite></testsuites>