<?xml version="1.0" encoding="utf-8"?><testsuites name="pytest tests"><testsuite name="pytest" errors="0" failures="0" skipped="0" tests="15" time="7.743" timestamp="2026-07-31T19:32:02.168898+00:00" hostname="agent-env-22326b22-47ae-4744-b799-20da5d3c2176"><testcase classname="tests.test_perangkat_bank_admin" name="test_list_returns_items_and_kpi" time="1.028" /><testcase classname="tests.test_perangkat_bank_admin" name="test_list_search_by_prefix" time="0.168" /><testcase classname="tests.test_perangkat_bank_admin" name="test_list_search_by_nama_case_insensitive" time="0.181" /><testcase classname="tests.test_perangkat_bank_admin" name="test_rbac_operator_forbidden_on_list" time="0.849" /><testcase classname="tests.test_perangkat_bank_admin" name="test_rbac_guest_forbidden_on_list" time="0.830" /><testcase classname="tests.test_perangkat_bank_admin" name="test_rbac_operator_forbidden_on_create" time="0.163" /><testcase classname="tests.test_perangkat_bank_admin" name="test_rbac_operator_forbidden_on_export" time="0.205" /><testcase classname="tests.test_perangkat_bank_admin" name="test_create_rejects_short_prefix" time="0.182" /><testcase classname="tests.test_perangkat_bank_admin" name="test_create_rejects_long_prefix" time="0.187" /><testcase classname="tests.test_perangkat_bank_admin" name="test_create_rejects_empty_nama" time="0.173" /><testcase classname="tests.test_perangkat_bank_admin" name="test_create_idempotent" time="0.583" /><testcase classname="tests.test_perangkat_bank_admin" name="test_update_nama" time="0.506" /><testcase classname="tests.test_perangkat_bank_admin" name="test_update_merge" time="0.593" /><testcase classname="tests.test_perangkat_bank_admin" name="test_delete_missing_returns_404" time="0.184" /><testcase classname="tests.test_perangkat_bank_admin" name="test_export_xlsx" time="0.614" /></testsuite></testsuites>