<?xml version="1.0" encoding="utf-8"?><testsuites name="pytest tests"><testsuite name="pytest" errors="0" failures="1" skipped="0" tests="8" time="7.697" timestamp="2026-07-31T19:49:51.282604+00:00" hostname="agent-env-22326b22-47ae-4744-b799-20da5d3c2176"><testcase classname="tests.test_perangkat_bank_import" name="test_template_download_ok" time="1.595" /><testcase classname="tests.test_perangkat_bank_import" name="test_template_rbac_operator_forbidden" time="0.792" /><testcase classname="tests.test_perangkat_bank_import" name="test_template_rbac_guest_forbidden" time="0.824" /><testcase classname="tests.test_perangkat_bank_import" name="test_import_rbac_operator_forbidden" time="0.252" /><testcase classname="tests.test_perangkat_bank_import" name="test_import_rbac_guest_forbidden" time="0.217" /><testcase classname="tests.test_perangkat_bank_import" name="test_import_prefix_format_success_and_idempotency" time="0.672" /><testcase classname="tests.test_perangkat_bank_import" name="test_import_registrasi_format_and_lookup_learning" time="0.355"><failure message="AssertionError: Expected learned nama, got: {'matched': True, 'prefix': 'TSTIMP0PRFX3', 'length': 12, 'ambiguous': False, 'suggested': 'TEST_IMPORT_REGISTRASI', 'options': [{'nama': 'TEST_IMPORT_REGISTRASI', 'count': 2}]}&#10;assert None == 'TEST_IMPORT_REGISTRASI'">backend/tests/test_perangkat_bank_import.py:216: in test_import_registrasi_format_and_lookup_learning
    assert found_nama == IMP_NAMA_3, f"Expected learned nama, got: {lu}"
E   AssertionError: Expected learned nama, got: {'matched': True, 'prefix': 'TSTIMP0PRFX3', 'length': 12, 'ambiguous': False, 'suggested': 'TEST_IMPORT_REGISTRASI', 'options': [{'nama': 'TEST_IMPORT_REGISTRASI', 'count': 2}]}
E   assert None == 'TEST_IMPORT_REGISTRASI'</failure></testcase><testcase classname="tests.test_perangkat_bank_import" name="test_import_bad_file_no_recognized_columns" time="1.213" /></testsuite></testsuites>