<?xml version="1.0" encoding="utf-8"?><testsuites name="pytest tests"><testsuite name="pytest" errors="0" failures="0" skipped="0" tests="8" time="3.440" timestamp="2026-07-31T19:17:22.850410+00:00" hostname="agent-env-22326b22-47ae-4744-b799-20da5d3c2176"><testcase classname="tests.test_perangkat_bank" name="test_lookup_canister_12char_fallback" time="0.759" /><testcase classname="tests.test_perangkat_bank" name="test_lookup_evolution_router" time="0.156" /><testcase classname="tests.test_perangkat_bank" name="test_lookup_antenna_prodelin" time="0.139" /><testcase classname="tests.test_perangkat_bank" name="test_lookup_lnb_cband" time="0.139" /><testcase classname="tests.test_perangkat_bank" name="test_lookup_ambiguous_remote_modem" time="0.158" /><testcase classname="tests.test_perangkat_bank" name="test_lookup_unknown_prefix" time="0.160" /><testcase classname="tests.test_perangkat_bank" name="test_lookup_too_short" time="0.148" /><testcase classname="tests.test_perangkat_bank" name="test_learning_persists_from_workorder" time="0.946" /></testsuite></testsuites>