<?xml version="1.0" encoding="utf-8"?><testsuites name="pytest tests"><testsuite name="pytest" errors="0" failures="1" skipped="0" tests="9" time="4.922" timestamp="2026-08-21T15:11:18.027837+00:00" hostname="agent-env-333dc8a7-3329-4b3a-b378-e5af7518a6b3"><testcase classname="tests.test_invoice_non_maintenance" name="test_setup_workorders" time="2.269" /><testcase classname="tests.test_invoice_non_maintenance" name="test_candidates_non_maintenance" time="0.095" /><testcase classname="tests.test_invoice_non_maintenance" name="test_customers_non_maintenance" time="0.096" /><testcase classname="tests.test_invoice_non_maintenance" name="test_create_combined_invoice" time="0.269" /><testcase classname="tests.test_invoice_non_maintenance" name="test_maintenance_invoice_rejects_non_maintenance_wo" time="0.095"><failure message="AssertionError: Expected 400 rejecting PSB WO in MAINTENANCE invoice, got 200: {&quot;pelanggans&quot;:[&quot;PT GABUNG TEST&quot;],&quot;pelanggan&quot;:&quot;PT GABUNG TEST&quot;,&quot;jenis_pekerjaan&quot;:&quot;MAINTENANCE&quot;,&quot;invoice_no&quot;:&quot;INV-MAINT-BAD&quot;,&quot;inv_no_eproc&quot;:&quot;&quot;,&quot;faktur_pajak_no&quot;:&quot;&quot;,&quot;tanggal&quot;:&quot;2026-06-21&quot;,&quot;tgl_kirim&quot;:&quot;&quot;,&quot;tgl_bayar&quot;:&quot;&quot;,&quot;tgl_dibayar&quot;:&quot;&quot;,&quot;keterangan&quot;:&quot;&quot;,&quot;work_order_ids&quot;:[&quot;6a886a97f9cec2fbbdb49ad5&quot;],&quot;work_&#10;assert 200 == 400&#10; +  where 200 = &lt;Response [200]&gt;.status_code">E   AssertionError: Expected 400 rejecting PSB WO in MAINTENANCE invoice, got 200: {"pelanggans":["PT GABUNG TEST"],"pelanggan":"PT GABUNG TEST","jenis_pekerjaan":"MAINTENANCE","invoice_no":"INV-MAINT-BAD","inv_no_eproc":"","faktur_pajak_no":"","tanggal":"2026-06-21","tgl_kirim":"","tgl_bayar":"","tgl_dibayar":"","keterangan":"","work_order_ids":["6a886a97f9cec2fbbdb49ad5"],"work_
    assert 200 == 400
     +  where 200 = &lt;Response [200]&gt;.status_code</failure></testcase><testcase classname="tests.test_invoice_non_maintenance" name="test_create_maintenance_invoice" time="0.108" /><testcase classname="tests.test_invoice_non_maintenance" name="test_duplicate_invoice_no_conflict" time="0.089" /><testcase classname="tests.test_invoice_non_maintenance" name="test_candidates_exclude_invoiced" time="0.091" /><testcase classname="tests.test_invoice_non_maintenance" name="test_invalid_jenis_pekerjaan" time="0.647" /></testsuite></testsuites>