<?xml version="1.0" encoding="utf-8"?><testsuites name="pytest tests"><testsuite name="pytest" errors="0" failures="0" skipped="0" tests="5" time="4.593" timestamp="2026-08-20T07:45:40.921790+00:00" hostname="agent-env-333dc8a7-3329-4b3a-b378-e5af7518a6b3"><testcase classname="tests.test_perangkat_registry_nama" name="test_registry_nama_from_nama_perangkat" time="1.030" /><testcase classname="tests.test_perangkat_registry_nama" name="test_registry_nama_fallback_from_bank" time="0.233" /><testcase classname="tests.test_perangkat_registry_nama" name="test_export_csv_has_nama" time="0.106" /><testcase classname="tests.test_perangkat_registry_nama" name="test_existing_device_has_nama" time="0.101" /><testcase classname="tests.test_perangkat_registry_nama" name="test_cleanup_deletes_test_wos" time="0.246" /></testsuite></testsuites>